Map(689) {
  '0xa406350e53C905c881Aa346cF14c703A52A9B593' => 520,
  '0x04031ff90Daa5CE7fD90BE871933B46889653f99' => 4100,
  '0xd973b5Ad311d8d84D90166b17335cACac1263bAB' => 8233,
  '0x9583Ca25eC7770B1d575D0c4C76B79cE257e6645' => 1494,
  '0xD0B13C56295C8016146DBf76a39B92439375484a' => 56721,
  '0x077C5d343e226E7e152246780be2BCa2AF91631e' => 6280,
  '0x4326990033eCd87A5444383Cf8c715E696301910' => 218787,
  '0x2407Ae4297D548CFFd44b34048Bd835f486F5135' => 273,
  '0xacdD8A3eA69e962CD70c9b32CB4E7184F7863dA1' => 17045,
  '0x811df83148fA178c1Fa9f80B9F07e1DdA5a9c191' => 4000,
  '0x71f84D76e7F4b9Da4D6A7a0E77A216c03Bc34e8e' => 26734,
  '0xFd3719bef669f5CeBBDA47B69E7814CF413e9517' => 24187,
  '0xe3Ac40fB0E6421bdB3426aaA957eDf3Ccb34bF1a' => 13004,
  '0xd1a0931de7a002D0D47117404BcBB3443faFb618' => 135426,
  '0x77D63A93C90a9860AB07eE6BC7bc5BecAD1CBfDe' => 15000,
  '0x93Ef4743CaD66D1707cf1E98464A11D6970aA399' => 1265,
  '0x213AC2921ce9374803a08dFe64ED6192854EcccC' => 12553,
  '0xFF79Ad62D19066E43B99eEd19f94E11b0E0B5688' => 22330,
  '0x108C07764a22DFCfFD08F0EB1a74e12F57002809' => 10216,
  '0x00622116402F303f22D38F3ec202774F183f6468' => 13021,
  '0xac5b6d6b47f5D68F7daa1036FE73C844EB954334' => 50354,
  '0x0057BD83a142Da84B6404616C683e21e7Dd6fA5f' => 21942,
  '0xd24c941f5Edbe451395544658c0dF6dF056c6aD0' => 370092,
  '0x4a2Dd4b190B6Dee6939709278b659eD5Ffcb9d92' => 10289,
  '0xc5dfa28511cc1be2Fb7374f19af5aC2a14E05E83' => 6736,
  '0xF84B9E57628Da8A8167c0f84C266F70Ec0863510' => 22684,
  '0x5D0CbF3ABc8701706B36179BcDB0409aA1e44640' => 11117,
  '0x19Ba3eedA313577888C145a5d7053Df05471b460' => 30069,
  '0x66633Cc6B84CD127A0bb84864c1a4eA0172469A6' => 1885,
  '0x81Fa725f8ceBd030939aB8B649507f733101AE95' => 3826,
  '0xb90440Ee1FAc3172A630470F4aDcB99d0fEE936D' => 26251,
  '0xeF195B5F9Dda1D1d59C77c74C7F0B69bCd44e3fd' => 394,
  '0xDA615562970f622B1E174B335c9e3B2a96264B14' => 11031,
  '0x36db7DF1D5A563D6E707ffc976B46Dd4872A8BF0' => 2190,
  '0x0De156cB2202C682B41D3fbE8b785238ecF3F647' => 243119,
  '0xC5232A75366a9b40a616aA606636548db716f038' => 13436,
  '0x0d36dD40FF721aC6E3f40FC3e36A5566609A03F1' => 8366,
  '0x9eDBa74460Ad6B40b40809B2228982C56e3E890b' => 20641,
  '0x8c0d5Cf17365Df315b8d334eB5552Be9F7Ff3978' => 4321,
  '0xB6D2e7EfEFce4c13ef98b1A69C0677725B08BabA' => 11032,
  '0x3c5B25331C30937ac324D3F20Af0CAA70e645588' => 34080,
  '0xe4126Fd057ab2fC08B6cE2621De4C3bc56464101' => 481673,
  '0xBA1Cad8e212e79cD1B4298abe09EB6b44384fFA2' => 10312,
  '0x91BA7d1cB45cB17Ddd5526253a0c791e3d413bC5' => 11030,
  '0x040d4205B3b23151c5DF8076c15Ce830332b97fd' => 19367,
  '0x90B7903F465600923CE2A18c0aA222bA79784b6A' => 20940,
  '0x1B30c84e244361a99Be770Acd57ACE184983c83d' => 758257,
  '0xe48e526089fc1898aD2E1C8a19D33f1AfC7d6e1f' => 2140,
  '0x6e69e29CdAE9E82a9ABc8A8d8b7953D8d8e4D6A5' => 5513,
  '0x9b18e9e9aa3dD35100b385b7035C0B1E44AfcA14' => 21535,
  '0xdE6F17794861E1E13104285Cd2dabFC478BfB679' => 14534,
  '0xB06e5CE2Fe560FAc1f4C4e7537D60A82d82359E3' => 11032,
  '0x85cf22d065b1F686faa6Afa96C2C5Eb7dc257239' => 11035,
  '0xE4c140a67A3A95913a6E2FcFc6d6434d94C07641' => 10000,
  '0x3f80528837E792b23777977fA3AA7aD8A3eAb4e7' => 18141,
  '0xeEB07faFcb5761394BE481f03F1048aab0deaDC4' => 17232,
  '0xc866b55Ab835ee33A2BCD71c9a3eA2e364df3A3e' => 29375,
  '0x542aF4Dda22Ae22BAE41ea32FAFcfB6aF00D8ac5' => 152833,
  '0x451248229712D6F207ff9466d8D3A33CB59d103c' => 3382,
  '0x59512422AF0709c7CaB8285838975Cd8D7C7CE7d' => 2596,
  '0x9cDB491354086AB189Dbb17360C33970B7298d3f' => 9957,
  '0xBd4718eDcA87EbbBC9F501938b4a7Bb6dd6F8B86' => 32105,
  '0xb3902CD8318c4648e18dfE6afCE125A331F1A787' => 17556,
  '0x43f9873FCf56B25F605A45B89169213FF0fC9eC3' => 225378,
  '0x5C9BC3Aaa7F44407c9a663934055049AA2a3D860' => 15597,
  '0xae5A48E555f5DC7300896B7a12Ac64813BCcad8c' => 11243,
  '0xD2970eeCfc0cdCB8e94b1D05fc825fcC43cA1c53' => 3086,
  '0xb1AC9db0d6a1eC291F427ad03fc3B632E1E93a56' => 15732,
  '0x18A428CE0c31584a21CF8ceFDb8849d8013E1994' => 2191,
  '0xd944633d12e0ECf7e88D6b6248bC192d2e24226d' => 21187,
  '0x525c62A424c35bBDAFD8830C04e1867b6625Dba1' => 1832,
  '0x4eB68eCF77639E64C9ED0826978940Fec1BE9F3f' => 38250,
  '0x57AF825ff979Bd64B841ab525A5C743912abBC59' => 6044,
  '0xE44AEDE3F7D3849c4803C22ac8b65384298B7b0A' => 1994,
  '0xF3062faAA61CD4Ee6E8705135A3Bc6419CD766B2' => 5246,
  '0xdDC570BAFD31c4a3545A3D742b9d022e78a9cB7F' => 1064,
  '0x1D932E6489B5e4091eE078db497799237b354191' => 107413,
  '0xB435e80F07179bE24d79844348f0737e2C751b5c' => 5729,
  '0xD8b00122B6CC0d44Fb3198fB675635272d516B7F' => 90300,
  '0x219C59a99fb5134Db62382f3CB3A88C0c15B6ef2' => 2440,
  '0xB3BD192d80fA4f40a1d851E81C9cf196a3A7d632' => 73941,
  '0x681099977c323282BB30BE500139B0D9a4F8d9cB' => 17400,
  '0x04Be52434EB64aDdF373137310551ac42013677c' => 12375,
  '0xa1bc9F613297FE6201da0ffe5bF7f086A51CC365' => 137048,
  '0xE347d593D62be9D012448F9F7adf6e24954267d5' => 2753,
  '0xe01Ac109D51C4D30aACabB2CbbF7dD0dDEfE07A0' => 6068,
  '0x1F2b6dCff8b9c35EA8b4dAED42A7772eC1014276' => 5948,
  '0xADb84F68596f9E9ec7b79E15C61c02b7260B118e' => 2472,
  '0x0709758056377647D7212730D888862E77becd69' => 1778,
  '0xc96b54890f172986F8EdC7AEC6E8C09a53760526' => 16875,
  '0x05c254989526b621ceD514f5daD9123fE4B803Fd' => 131331,
  '0x62bC9648389f6E4af7007AAabB9859015067Eab6' => 6231,
  '0x5DE853CB6813f9Aefd25635776139d8C0AAaF77A' => 81045,
  '0xaca3365a1A6DBA0839b3B56219Cf250eBB9F32f1' => 27954,
  '0x960cC811e5eF36760f5c679AF90e821B10385e04' => 65000,
  '0xe74d20083455d354708D67d8CcE31871E0a425F2' => 22690,
  '0x9062A96B9E947b2b57283e705c97B871f5eB6561' => 9352,
  '0x0D12E38FFA27f2E676d332c5f3903E302d032408' => 1237,
  '0xeB6a24e62e2f337dD65c6c2086488E6f8CF7eb31' => 967,
  '0xf89be918c3d9989DD1e454bd21E1fc3aFb7E6EEB' => 42313,
  '0x38B0aA025b0A6A134cd6d940Ce37df6978BbA6De' => 400,
  '0x1E4bDe7BF19e662b80A503E67C3c323a9Fc86dAa' => 18296,
  '0x5dFc833B3E853f3e0d8d7B5BB2d2a66dD2B9d061' => 2545,
  '0x301504bae73B1f9a59723E271c79cCBB91c485eF' => 567,
  '0x598CB65d37bce50d7D7ceB2a34C7180f2D6283aF' => 1194,
  '0x83F097475C0d5feaAeA43cD42781D4313611A0d9' => 1445417,
  '0x97cD70611075e6eae5d64A9908D6fE2592438C88' => 108943,
  '0x8457D86624149d1a8B7a781d5482e3d89f809857' => 840,
  '0x6EbD7e1bB5dB5Aa2930B0FfdCA3d31aC9df94CE6' => 6298,
  '0xb731eF1D26227e1EdF48F9833E6B48EB11154917' => 282936,
  '0x3785F0272F5e19dD2c27977eC2D91195BB2AF801' => 20652,
  '0xc8C3e484dDF92069eb3226dF266C2C262902D835' => 21717,
  '0x7f4eDb8FCa00Cd0E8B02CDcf46cd0be76ce4C773' => 140153,
  '0x253a1dc6BBad8A62a8e8F7B21214FEa2B78CB77E' => 86650,
  '0x29a65d830516cca6E694be90d3dE3CC19f620eA6' => 16752,
  '0x852926150De3854D61319021BD88F239C1Cc4C38' => 20819,
  '0xEbB166E1E8c3b4e9c51E4463Cbf5C59A5899DAB8' => 20547,
  '0x6FB3071447c444E51F7b282a76f06F811e21D3EC' => 9492,
  '0x343Ece916dA848F6Ab5eC7523c29A9c0e9400958' => 1242,
  '0x28beb6Fd342F7F41c0eBe086F78e43468c7A25C1' => 35204,
  '0x917BE9347dAB7778536937dbD527379f2D4Aaf28' => 501,
  '0x73018f39C3B9652601EA12BD7F42f3F921198C4A' => 17261,
  '0x6AEea1AEe1559640B066fd2B49933987a4267f5F' => 4032,
  '0x0C1633e0BA164a9DEf56d86d7c46afCBe4d28a77' => 20000,
  '0xEdF3B7578a521D5939D8d508E0706Ad88fe55Baf' => 16034,
  '0xFB2165f4AbEEd496B4EDd3234C4CC09f1557226e' => 13816,
  '0x324d9A28403839CDEdf36600Fa735520f18Dca64' => 4598,
  '0xbF5C8925cCdbE4Ff933a739e51DcDd74FDd78d32' => 15929,
  '0x62Ec589cc2A82816599A7C6f9d145A62D90C17cB' => 49809,
  '0x643430283B19fA5BD70A1138B495c2B43523CDd5' => 93091,
  '0x508f1b6C5eb1e0F9d48795C848d87288BaE13a46' => 217291,
  '0x6af6D4c57b3d48D614ECc52f6C25242783Dec71A' => 15866,
  '0x42f7061ee77094E31F5aC69E6F76D8054bB7495F' => 201000,
  '0x5d444C96fa55FE9dF1FEe7530Ff407c977f32348' => 1576,
  '0x20D236B1800f2B597Cd64D920b71D36b87991f30' => 17123,
  '0x0428D82D3C4d8C616Dac3862E9Fc88af9A294b83' => 4465,
  '0x4496c474a0768384841EBc0aae87BeAeab7261a6' => 1208,
  '0x6E2a2acC7253d38e0891F439a9815bEd3771E305' => 102276,
  '0x24AD53649Ac401138E31Cdc893cbE86073117be6' => 2648,
  '0x85d1B4acED9027D8E714874Ce4CD9017E3Bb1C32' => 2840,
  '0xEecf8eFb4c3283F04b09d1b6A8C5fCEFAA815AF1' => 88878,
  '0xE3F812a1069601DE315c0d1C99F9BD843749198B' => 2458,
  '0xE456ff3e321be2675A5aEB56b3623586254C3419' => 2724,
  '0x896aEa93ae29147E810059C75390EF4BbbEEbe29' => 43417,
  '0xfcD178d3614f131c5bD20CdA00c9bf792D458760' => 1109,
  '0x5CfC0Af2db55938B879c5Be94D0cd860Ec2DB029' => 21521,
  '0x86DF6fB7D87Cad5683a4b148F1E5aFa6cb4633ED' => 38919,
  '0x980aA416e2d67FC97c671162d8Ae261C105b2043' => 26762,
  '0x77F7F8c188b3590FFA6426536b199fd84416D667' => 9580,
  '0x7d3a7Ad44bFcFc0962709ECE4c149128717906B8' => 140119,
  '0x22CAb81E0FEe2bad5b015DbBEB6A374A1B8738de' => 7213,
  '0x1B99EAc6E12c0080151A897C36eBba0BC7F9e954' => 40004,
  '0xBCd9FDc648F1134ba00d0d8070b77F296C94Dc1e' => 8683,
  '0x7695020df9622C592082262c3E341c5C9CCEc790' => 6787,
  '0x3BC78C5FB49F5A50aED564DABea2512B0fAd37E6' => 5200,
  '0x09EEB474E90c00e5ba1c9E1581749ccB40FB8c77' => 5000,
  '0xb39D022eDF05C31e1981f4F4D8137dDa9C57CFaE' => 2725,
  '0x489eF5FC27e7BbFa4cfa1C8D5eC197dA3D1BAE54' => 39870,
  '0xb4e8865edE93E5b36CA856788C7C9D7Ad4Fe409D' => 2633,
  '0x1F1ADCe71f9776cfBFdda7e87500b7c5FFAc4aDe' => 41466,
  '0x9B6F20E0ea7a409A31E3595210c4CCBceFa95Fe5' => 1223,
  '0x2e5B27A6eE216c90f6F42bfeAdd7Cd25888e5be3' => 94868,
  '0x9325EAfe32Eba5AA10787143Ea5bC3438A7F6d2B' => 662,
  '0xC4A6312A5d5af3C03D546fA287fA1F883b3DB749' => 68638,
  '0x8Cd4CA0AeD6B915B68e75E3D0854a73bB977979C' => 23309,
  '0xe80088863766AEE6d80E2Ff6C85A9187F6dd85a6' => 2097,
  '0x8C59eB7f0fF13fE71E916b5A1039bCa73B0C0021' => 2617,
  '0x2b3CE0006E3d8F7aBadF8b0c3f68aB9cC3BfA49E' => 36615,
  '0x329f4435E0F22899b733756c71AA12C1004146B1' => 20000,
  '0xFd660518dC1b52d9F67FAcd42bbBA962B06b8E54' => 7000,
  '0xB8b7ea41CFA41eE65623C93cC4f9eb68D80bcA13' => 59580,
  '0x8328924fd5b47Dac53931BdC1bafDdA391f019E1' => 44656,
  '0xCB06551543A48e812D72E00BF88C4eF80a29208e' => 109297,
  '0x6a6e0a753C927Cbd77c1cf97820A5AD496B74A16' => 20370,
  '0x9f24Aa4aDC816066D71f0d7362f89c6590Dd8e93' => 201237,
  '0x0c183b19cf8a07bB4319729150b0b3B4841C0866' => 3572,
  '0xCe4D4bF74cf639d99C26803F6Dbc0A8054329C16' => 364208,
  '0xc2552747697ad2eea67Dd75E10F7933A62cEb64C' => 739,
  '0x7AB19aB563eC3e0aa8f2E283513286a58D3A4aE0' => 20215,
  '0x827c09e905C42a1cf30164d3fAb36fbE777e6fC4' => 3740,
  '0x639FaD44e324329a726cc1845A4B7f3AB2ac1DAb' => 18120,
  '0x8a1CFc56923a2E02B9fEec98A3a4f9F6e3cEad6b' => 16999,
  '0x1279249174eC07a2Cb3f057bDc43414106183d4c' => 3217,
  '0x6A9ee69B6781C18164ee9F7C58f1763BcFfC7c51' => 106211,
  '0xd09924A6FadB919c884Ca69c284e63E0c94C9DD6' => 12363,
  '0x06f65D4A643940d104EB608BF47B64Ace9e4b60C' => 16429,
  '0xf17a0F334D43e343347335b0Fd673795617E9f1D' => 16782,
  '0x3B5F199EFDd46C53a767860EC438f406695e5799' => 1740,
  '0x571061B1BFF2bc8f0967f5eDbafEFFf36c932CDB' => 3502,
  '0x5CDBF2f8280959358b08c61c59c813021B8b5697' => 7230,
  '0x762c0e5Ae9d4C726f9Ee112Cc66eD5f11566a8d0' => 6822,
  '0x664fD1a25ECa57A02cc1d8249dee839b9FD7f755' => 697,
  '0xE729E82C62bA98Ee226DbF680803CFB4189DBE30' => 2416,
  '0xf07ffbAf4a7999FfFAB3dDB47e7f74364B6Fd578' => 2064,
  '0xdF5feE5A0420b7b9c288B88E4efa133BF2AF480a' => 2869,
  '0x1ceAd3374A856061be00F5c6d2A035eEDf1c3c76' => 17201,
  '0x3b5569A21010a908eA9aCaCCfa9a21dB41292b43' => 16497,
  '0x5a09A306f75F55f1a79E03C65712002b5fb2a1Df' => 22233,
  '0xF7e74A9a394226058E14BFc17deafDB76eeBbb25' => 19500,
  '0x616C9F0Aaa13D3587B9Fe6F513DF62522F7D900C' => 119129,
  '0x0b5A3054E7d7c25c23eE8B7fD7CbA3d2660Bc6A0' => 16889,
  '0xe3Ee38307CfDFf07938Fa8D39958d925DA94E3Ae' => 20138,
  '0x52cb973DBFDdabcE4f4904F89B2F081C44DF81B0' => 18135,
  '0x3f4d0a6654c8365B42DcAa8AA92d9034e2A6141f' => 226037,
  '0x4a60A526c642ce63cf3Af8ff68b3f5F222611fBe' => 4451,
  '0x9C2c3b36FbCE13eFB602750eF3403291824fa338' => 19832,
  '0xF9E5B652bEae776dD717E5D2453CA1770a4f2C04' => 18300,
  '0x65a7De07F2Df7564421b3a942cb0699b357B91cE' => 28607,
  '0x94e7eD7e818E60E715088445529cA05981bcE0B8' => 3269,
  '0x6629DB6b40057e29d0593D895A350df94DC1e99A' => 13639,
  '0x93AeCdbf7ef234D7A240974293a969e323C376C2' => 2881,
  '0xF2DC3e9aFa5eB004FE65A7f7D0065CEA12136B46' => 1512,
  '0xB6d3f44d325C35e8434BF389eFD9eE83B19dED54' => 17996,
  '0xf318A2F77816c166181597E53ec95773c7d70262' => 22000,
  '0x7Fb3b6d222CE75121D0edD4cE0248EC10b498b3D' => 3982,
  '0x72b3DAf411912561836DeA10e2Efebd6F81ec209' => 35000,
  '0x5cFBf017f1aBDa98d53fBafbE925e18dfA91A338' => 548,
  '0x5Fe9a92531Fe648666551a6cBaE2A7b817249c52' => 838,
  '0x0705b3f95211B829aFEC43e3Dd3bb8BD4aCEca20' => 24394,
  '0x536167334b9a964D0e7bfF3E1d706083b2Eb2290' => 18748,
  '0x49e2a5Af17fb2b37a0FF460217dC7A9FF4F34f90' => 1094,
  '0x3aF9b992EA26c43f4f3B019A3c5c7FE4E059AF25' => 4066,
  '0x55E86864ddE83bdd7Ef9F0d1F1765ebbec3A7934' => 11016,
  '0x95F3daDAa5C781dE9AA453830d4e689D57937f82' => 17471,
  '0x56d53a4402A7b8F4aD027cfb421fF60e865F665b' => 69667,
  '0xA44dd0CF1de1C461fDE0B7B92C374789B59784C9' => 59569,
  '0x26199b5dD7637D8dDd76fcfe31ec1EaDEe25e275' => 10985,
  '0x8b9470b0c7453544de3D464936153368bBe5eF03' => 2146,
  '0xDd16f14AA9226E7ECC456f8b52427F92EB7B84ee' => 1598,
  '0x3e98b3623592b52EB2Ddcf36A4cE9A9d48dF57eF' => 26691,
  '0xF68500D8Ebc678077A9388Cf0Aa570536613f17C' => 23126,
  '0x90E0D1653cd4828D0E73C29Fd64B7A316dC49318' => 6204,
  '0x9c04c3186F5471c4E58db47ECFdEeda92C1E8CB2' => 10148,
  '0x2B8655383305d07DFd0dA40459a9DaD61e9918aF' => 2833,
  '0x9e851437232dA62270275E1255325d210c5Dd4a9' => 6053,
  '0xE000adB6f47C7461694Bcb69Bf51BAB8087D819d' => 20206,
  '0xfEA310e868466201E881866e75232e1Bc2B86E0c' => 22664,
  '0x2ffe1CebBD2e6934f1A9e2BC4A0940d8c78cFf6D' => 4377,
  '0xdAf08467BE187fDAD0DB1df64b8cbD20F60AB370' => 10085,
  '0x956290cae406BF01a4047035f1a8975Eed11D1E4' => 15000,
  '0xb23F8768F3A6a0d8B6e67D037213F9A19130E273' => 1080,
  '0xEeBCfeF507D6109D87689811F5d85d89D30caE76' => 17888,
  '0x25f21Ae8D681973Ea06082CE71127b52e09d5892' => 12058,
  '0x6BF7550BF182b8428e2cf4fC640ED884FF8C7a57' => 24355,
  '0x655C7eAdf9360603CB5077D8Dc57Fa07bCF61D55' => 394,
  '0x72eCB0E30C261aA219a7A99db04526cA9E71D5b9' => 1215,
  '0x27619fb128B32Aa6384e0ca79f96Fbd5C3EA0E2d' => 3230,
  '0x4ce7D126DCB606008A711B46c2d8DF50D88e4244' => 29456,
  '0x8Ca60eB7C8D4DE486986335166E1C9f6b3982029' => 19557,
  '0x5cab540166A81F72AE8D89739a041C20007FC272' => 917,
  '0xf2C4Ce0B2Fdf329B969E9D7A2B5b12AB9f08d21e' => 500,
  '0x5F8Cd6abcb92A521F756d3e1940aA424453e7287' => 427,
  '0xDf9f3a6490F84a8717a5C84fBa5dd5dF1429380F' => 352,
  '0xbF873e22Cc4a3156163693FDc45A18C3Fc434aa7' => 320,
  '0x538245eb114c87fdceB51df161F048EC1656926b' => 400,
  '0xc3Dc7f0D84e447C27Ee2FA17b1a3ecBD3BFAeb51' => 427,
  '0x4aBe8e29fCfF74e6B2054920B2da21FE2940887b' => 2300,
  '0xE76a6619581dD7122Bc127a6F018BA035B182AAA' => 7723,
  '0xD5C196b5b67e624738D85AB5A98534e68FD2C88E' => 134574,
  '0xbe252Ed345E7859b3F7bBDb97f6604980b8B3432' => 437,
  '0xf331f8Cbcd9100292258D2a1986A4a2e7435e453' => 19306,
  '0x55A67298aD97162136ba3F4dEbc5a84857cdb2Eb' => 1265,
  '0x4cF5DB7f72766Df7Fa9495F5afb1e0B4a94c3978' => 142713,
  '0x90F659686262A2149dfEB4B6eF88Edc8Fcc4e05A' => 18900,
  '0x25e4723F5859952D807ca1339E010c30E06656af' => 7672,
  '0xc2fF8b2Fb8082c811B310cA1c2D5cB235F3059bB' => 20474,
  '0x41DF0d7108aA67Aa76D8072a91Edc2FDdBc9783a' => 3223,
  '0xa4f4d8b87AF48e72015b8d6446DF79033D41c427' => 17420,
  '0xE2f9E2d5A58580bF1d695C0357ffFfc33C01b1d5' => 500,
  '0xc4cbf8f4C59570450df297cedD3963b7E1F60652' => 19249,
  '0x3749Ac4c96c9D92DFF122f7822e2Db9dD4cc7D15' => 18070,
  '0xEf0391ccbebf15fc84334D9630255093754cDAAB' => 1193,
  '0x53dc3204f2f294f6A5649a36AC295f74A0dB92e0' => 765,
  '0x9A76F28CEf5D14767575843974a924BBC25F2088' => 400,
  '0x38C8bBF5cCa496BC15b19B5a4e7aAE64613D1312' => 267,
  '0xE918cf93d420E5D593A825c01D253FBcB12D88aA' => 312,
  '0xbA20e50aAFE9Aab7FAD58A37099A6c16282F7133' => 428,
  '0xa645b0571797a3c8Cc87A8B977d843A185428C3f' => 390,
  '0xADD66B3245106A458D14CC8b9a7a7BDd0Ac98C3f' => 325,
  '0x7b5EA4B715BeEc583876B703f14157fB941e1904' => 520,
  '0xD7788Aa49587bef3e2b9605ca666B5Ca2Fd31b59' => 25000,
  '0x621bc3df852E42e04196bc150D5ae92Dc11D4d8E' => 2148,
  '0x17dC32FAa91b1211b2E991f08b8Df4b6D4780BbA' => 4113,
  '0x26260b28Ce15a5Aae6C61283693F6C677Db05953' => 26114,
  '0xa4D92B028b12558d3B17fB56ADeBdCD5Fa800d4E' => 39091,
  '0x5DB4087f2A4140125d98d59071c5e9c4144f38D4' => 4854,
  '0xE011dF1d6Eb9e98dE0Fa5E4824c4A48dB1Cef519' => 21045,
  '0xFDd4186383fafd6bD41d0c59eD84708dfDe004ff' => 13166,
  '0x6C74BE8d04fA2243eCDEc2A28253719d5710bC81' => 19596,
  '0x02BAffE241637Db991F5D46818a3eb73f39683Df' => 3425,
  '0x4B11F86a69ed65E8e2266d936c55dC66f43dA055' => 126206,
  '0xC1196C46559203fe1e3ffE05009fdE59795A6385' => 40202,
  '0xD4437A5e053a011B6AECef4Efea5a4f15d1b400D' => 16800,
  '0x3e1A12a6019ee26418F22B656926fE38F5e58C5f' => 21953,
  '0xE0e03ba22E14776DC972a50E6CcA5cEEdb3b972C' => 600,
  '0xb5EbF7fAC6F40583261758A7347E8EaA41935524' => 600,
  '0xDe5701C91E479888878f9AEbf1DeCc0B10D88cB5' => 88054,
  '0x0AB89d33Cc455105c56A6E9381BdE16e0d6D9e40' => 25282,
  '0x4C0ec032D64f5560B1EE96bD342A0DEf72BFED61' => 14311,
  '0x1ccceDE48295654B7e48333b47f54d24C4d612D9' => 20502,
  '0xe2F3c30B753F71BDBF1258D6e09FD3D2adF549dB' => 200000,
  '0x66a204D402e14C5B7B5Bf9b6D8f2C4C34353A3CD' => 24217,
  '0x39b1c7003421A40627f0803eE0584a6b0F677335' => 16000,
  '0x32eD0c6b445a0e5c413Dc583106583E19Ee39dBB' => 42837,
  '0xd114fE967B1d6A10E21A89868369C1EeD669A560' => 19865,
  '0x03F182ec7474877EC8d830a5Fcb804FD132755c1' => 59512,
  '0xC9E3D84E62cC145fF76Fd90859CBd46b5C665941' => 19987,
  '0x23B97Fb0301883863bBBd8238D11fd51e95e7315' => 550,
  '0xCF43e9A2F9ED4810de89aE08d88445D8CcF63aB1' => 10821,
  '0x138308323652eDd886A1418A80ee5e74A1bc1503' => 359,
  '0xC846b4532249Ba200a2f40b011aA8A770266baC2' => 38242,
  '0x09E3c4bf50a15225d4087FE089282CB5506DCce6' => 51940,
  '0xF3551c1d8AC61569E482ABc05EefAE4ccCEF32C1' => 114964,
  '0x6aE40A6fd30B9e627A1314D2Fadc4ed96D34dbD7' => 9635,
  '0x49525c292f006396aA78D3441Ee73ee992ef3183' => 6384,
  '0x05c9f9Ea62c3C69dDF7221446d7Dbf4E04b0c408' => 48396,
  '0x3CEFb79aF1F4126DC679D52f5f7458A25CE74B42' => 25682,
  '0xCcEbE8104A3aa1a440461f5F4f6c38FBdFB30802' => 16500,
  '0x726d07eA7b1983f35055bB288Af78E7480bD1242' => 19500,
  '0x034e1f7A66b582B68E511B325ED0cCB71bb4bc12' => 13546,
  '0xb7338951d8aaF32Ec72E72Aff962AA0Ee315CC6B' => 1077,
  '0x18376a0E6f2975013D2866407ea4f4e2fF01B510' => 56040,
  '0xf7c6382Da0A3ee08aD4c201b01E33e122600Ab6f' => 12650,
  '0xc1eF94C5a6De970Ce6Fb1f4C28af352bA046A63B' => 2699,
  '0x9D8c00B16906A78943C66f1F976A98E4e7a36909' => 18845,
  '0xEB4872B4c995f6613077090438EaE69CfEFF142f' => 183607,
  '0x13B0D26d0703Cd7A13a52E4bfb90a48887e559A6' => 9874,
  '0xe5f86eAe50c845Bb047729b639C057e7c08AAe67' => 6120,
  '0xD23Cca1d288eADED8667a7d4765D0033641F4C60' => 18455,
  '0x407f9e8c06371b9F2b2fAA4F98c233253d817308' => 5229,
  '0x697D13930A51A7a9DedE42e48FCB0b7043918917' => 22135,
  '0xEcC3e7E76139274Cc12Cb1f0dE1645732DD67Bf7' => 11137,
  '0x8D339490827b323295DA0A003096e18b0Dd99A2F' => 91937,
  '0xdD8E898B37EAF390CF53790f2ea2CABeDac7afA2' => 33817,
  '0xb054675aDD7062E2a708bA7C211fb0eC1F56B8fA' => 20150,
  '0x2916D837B5F3D4E83df9c6DB717356Bd89C6e9A5' => 60585,
  '0xA2D9488E230f0878CF4d2d79eCfD7360ae0a80F4' => 334,
  '0x045795FF0B8C353290a900654514032e92c289B7' => 15999,
  '0x394C82976a57c4309138c072149Ee57Aea16560b' => 2127,
  '0xC7B169b108c5e75991C520AEA97140534291C81D' => 20012,
  '0xE29bDD620872e4daEA7cFd491A39798a1f564915' => 10528,
  '0x930DaB128EE82C5EAdaC116bd1A7f0618110AAdb' => 8752,
  '0xecDD3Eea32f491F7D28120e70459dA8A000F3e4B' => 3450,
  '0xe5557fb2e22a0aB88226b7EDaA4A8cF7E1c0D229' => 1539,
  '0x5C9109250555d1A56811C3806515520A3DC06974' => 17256,
  '0x0Aead38a4f99f8dAe8944d31EB703B6C7CeC4381' => 5136,
  '0xa2676434160DF812594D53A51a63A46981411C2A' => 764,
  '0x107cd74419DfC9FF01975e652597c5a4b6706460' => 110703,
  '0x263A13fbe5416661d8ff67C5D98624D1553900ae' => 27897,
  '0xF17e325f34Bb4F2401A67cdB58025ed9947eE198' => 272270,
  '0xc94dc73a2677E012FB6260c680CE5344E3AEAaB8' => 1432,
  '0xFF78baD7F3FEfbf552a2978E1455D0126dA9BA76' => 73889,
  '0xB2c8bb4BF53b34Fdb55795Ba5DAC0598Dea37819' => 65488,
  '0xf455324F5112F4370d30a36dE2AF8255d61d391C' => 42929,
  '0x1C6e7F40d745770077d9B6Eda965Be3F5C8Db8D8' => 3543,
  '0xfC5b2D51fD03b13bF440eb9e0c7B1D94b1b77BB9' => 19238,
  '0xBC0A24a17CaEd0DBca77e564159c188C7aaaCab7' => 6734,
  '0x7B15A0A2bCB856c3BD5DCfA8798Eb29D5852D74d' => 1555,
  '0x9254Dc142566bBdefA0D44411D67cC47d3cE41Bf' => 174364,
  '0xc17e91dd86b427135f2694ED6a8BC86EE9D37c06' => 12311,
  '0xAE60a8CBC37cfDE7aE14047C95BDCA81AA159ae0' => 24690,
  '0xe1Da425d1880D3243f9Dfd3c9C2C3f09E73ACd6d' => 6536,
  '0xb5cBB2f3B5d3A72a88aF6c3739579A18D5235755' => 26077,
  '0xbF45dd1bCa8067769494B935C69763ca29de85a0' => 59515,
  '0xeE6838a106F2A86609828566bD3222a9E8aF6ae7' => 12657,
  '0xA8213ad427CC7C16cf6248e0653553bC3008A191' => 16317,
  '0xaaD610d7afD65890784549761A45B76150E8Fad5' => 5416,
  '0xEb1f276fd47635a473bb1D2C8047c423Da6f5116' => 17783,
  '0x219d4Eb4B62972862a6B38D130427aA92eaE1a69' => 18710,
  '0x3f5B5930f62BcCcA5d844738AF254c2F948D7617' => 16000,
  '0xe9bD415d5d543B5d4FE12Ac2Baa52cD9ca026F46' => 15390,
  '0x0fa11D9d60C102eDF601ee5FA11b84e640541982' => 2836,
  '0xe24632B78e59C8860f3CA680C2F62843752cdD26' => 32967,
  '0xFa048DC57af9fbEaCAEb5Cd6CDcDC10ff59e0a02' => 522,
  '0xf41fcAE6240C15073d417d2F9d20B579844fC830' => 1300,
  '0xA4138f4f5ed55CFD883BF255BB7a99Df824f3159' => 2027,
  '0x426874a11E30F6A9eFCA3715A84d3B5142Fce4BB' => 15956,
  '0xa6cf43fE0B47D5Da8f03258B37F1cAf148955019' => 19415,
  '0xA0F47050DBB0fFC30ee8f66f0E65355F904a7533' => 502,
  '0x2C7ED5966fA687e84d6837Ee2EFb29D2430112f5' => 126945,
  '0x5af27e3663C17e1b641D2698a1270A1FC7A20C59' => 591,
  '0x993192a774609176f59325E9C0aFd0641917D0DB' => 27535,
  '0xF45605e25C2494896f3e19A6D1bc59724c63BA26' => 3593,
  '0xfe9F4e4Fc884fBAb008947c09c6BD7ECaB1D9510' => 20151,
  '0x4abE0903Ee68883e693293037973f5926827Eb03' => 27723,
  '0xc6D15113E2FC44064e2CE8dF7A5c38e01ad6bcd5' => 1000,
  '0x5E927d6d547254dcFaB48C18B2314757ab931150' => 411,
  '0x687670E9C58526D673aa22d6aB355d952819aFDF' => 500,
  '0x5bFfCD8F4809E29bCAcE4C9c21e0C3b6963eCec1' => 192409,
  '0xF7dC9A8f66701dcf91808f00d356249b351eF4CF' => 54869,
  '0x2E31bD290416f095Db77C56cb2a2CE7ea4511872' => 19509,
  '0xf7AF0b2277a6cAa0D8a3A1B1eA21F5C6E13dCA74' => 813,
  '0x3587dB7daB8eed84962bB5F7A52AB875FD20aa46' => 39743,
  '0x95ED91E587F17A311CD216C704A2CBd06CFf085a' => 237248,
  '0x5B9f0Eef7bfBD54ba21cD7409BBdFEf12136421a' => 28817,
  '0x6BE27F6F4c3Ec75a3e5866Ac4f877D5EA9Ac363d' => 9999,
  '0x9CCB89c59E0040Fe96814D02832Ed6533cBADA55' => 1794,
  '0x6339A73610969b50f0B91122bB90E231046b112f' => 300,
  '0x517E6E444fb0E565CF07597e8FC692B2C05E8Bda' => 14578,
  '0x2a8B74f9d2BFdc204f3B29fEC435E8a4f8A7F6Fa' => 876,
  '0xBd1eA07bcc208715e099588adD684eD78F3FF3ed' => 15013,
  '0x8D56bf499968CDe8b7ed974d45AFBFab7Ee4AdDF' => 18914,
  '0x9f572Ac4a20Eb83B067CF9Fb8D4452041A302ACB' => 1484,
  '0x5055DefaCe85f86112E31A2b9694E1F0e9e23961' => 25437,
  '0x12eE827aE3B9390560eec8d6ac1685d8DF99FAF4' => 142970,
  '0x8E118bbFfDCC009b1D46423868F7a49F8bcbBFcC' => 12656,
  '0x0bc99b862e5545d181Cc7bFA71720712527aCeEe' => 11022,
  '0xEcC8aAbfCBa984dAaDeF145C61265C622c239136' => 6395,
  '0x2F595C056e785E13579128DF27cAD2968d034BA4' => 11627,
  '0xfec7969d5eB88f01662a8Fa76155601FCead49d6' => 4290,
  '0x4d04a3Bfd8D9EEC765412CB03a3020215ea58156' => 10622,
  '0x4D8BD62C7Cb6769795410C5d1209cc09bfE16C60' => 21127,
  '0x2b7D141a63EbaB9eE78dfb312874859933033895' => 46768,
  '0xfd645ae7FF27585A9A526CA27731271C8Cf8EA5c' => 73697,
  '0x20f77D1e0b152197483aA088467Bd2eB81C3757d' => 23431,
  '0x3E3F22da9a50D22694c452c5Ec39B907524373b8' => 4099,
  '0x0e905F4AcAbf5914b71d2FdE1427a46dD2a037c5' => 2018,
  '0x64763309212982A769Df4d3966b4DdfF5E1b219E' => 17139,
  '0x7C9c864AD7E9B90CF45f2DB419A6a1efe3026576' => 16150,
  '0xD11Eb5Db7cFbB9ECae4B62E71Ec0A461F6baF669' => 18836,
  '0xA24db1Dc8CE36C960BC4517d4B1eB3f3e7c10FFF' => 1000,
  '0x098beDe5133f6da3D3D8fADc046d26980cc1eC50' => 588,
  '0x0B128F624078F9E7a1dcd58A275b445f57f20dF8' => 23451,
  '0xCf63e0a5408E9822a42635f25973cDA892fb5C8a' => 5446,
  '0xa0fC190A3eDdD20BD8a514fBc2129562D4Fe2e8f' => 16160,
  '0x79B42A6A7b708ec06eE807E4B77b3d449bF7AFB8' => 600,
  '0x92Db7E8d9B281c9470749a83eeB51DE21Ff6DDe6' => 19100,
  '0xb6a960e019E2068084BdD23fbc26593bb1965CD0' => 4416,
  '0x6C8a70bae601E97F2c885f640D5c35B2A1E805e3' => 20900,
  '0x3c85828022aADB9f2F04788550F8130cc5241398' => 16341,
  '0x5CB01A74E34BCbFDCe2AF0733092DC5f410c4F34' => 2452,
  '0x13Fb07C0e9B5d63Ec38AE1Fa9221c3c911193646' => 10970,
  '0x5b584922b2DF2467A54c19084F83eBAccaB21F64' => 17160,
  '0x9a1E402D39cb2D49cf23E6767C6458126eA24631' => 37050,
  '0xC0AFB2083B475e6db38e9d01AF097AC072f12B4F' => 13817,
  '0x8F771a8E8BA888F2b06cC75747eE59FA9F7613E9' => 18640,
  '0xE2551950F53e519D8f2CFf42a3b418082827CC3d' => 6276,
  '0x4aC4Ab29F4A87150D89D3fdd5cbC46112606E5e8' => 2327,
  '0x27643f4e2B35A18BCD55252e88F13039F4F81927' => 20609,
  '0xd164984268bC6e81Ce9a5109C955b96E4edBEE89' => 3975,
  '0x0BD55D236EeCbDaf01d2c79253DA0AEb3488aF02' => 2000,
  '0xeb10E3B522C3D3F0DdE60f769F94609347daebFC' => 1139,
  '0xf300628919F80Ed9cc0db74793788c0e1310B629' => 11515,
  '0x225340a46AB2fba658c6D7B53f9bb96BC0CC31A1' => 1133,
  '0x22FFd919B46D45c53aDC6283B446Afe896c2345E' => 10000,
  '0xbd0eC71B9aDA90ac6C1428cAfd45fe2fCA367665' => 71959,
  '0x62c3852419a71d70Ff05fDEF83CDdABde533b3e4' => 16503,
  '0xb996F5f0Be1Dc903d39F0256DF7a47d59EdD5e2f' => 2133,
  '0x205c211A68E0b8C1a97D61b0B09099231b3C160D' => 10091,
  '0xa43b7588f44B06F3939f6c8806fBF77dBf5ED7Af' => 768,
  '0x47c3EB3DCdd524c2508Da649D08F94571dcD398a' => 20079,
  '0xc12892B7BA5d2aa9C980571bf3d5CD5a5D57417E' => 15992,
  '0x35e939c53B208CCec114c6b92f6d754b023dff4D' => 13671,
  '0xA3176cdB52Dd85290E72B2c486Cf6149ab38Fd32' => 11394,
  '0x76CeBB65B78987A9291A83dc27f010c2603eC3e5' => 3000,
  '0xCAAf10244E0F891a2C4f066F3d137914b47F1DCe' => 6978,
  '0x6D6ed67479D02d63A4A0F111A6D76fF93Bb2D23D' => 5462,
  '0x291B40D05D5E5c72a5a5C0DF168B12b6f45fCC1e' => 18318,
  '0xA0837778BC9A735924bcF4C98E64af6e8DE42cf4' => 9659,
  '0xE5943F4a7D4f58846c9a9cdE76080Ed89766a2f1' => 19724,
  '0x6688BC837B6C9A125DBd5476bf1480Be4BE3124e' => 19241,
  '0xB817F347Cc5dC77DabEb45Dc071Dc4cA80b28E16' => 12357,
  '0x9f5Aa14327fB4b61F6F7f1B205501fD1A66bc183' => 1000,
  '0xbC5381c2a6c008b44629A21B5Eb5f671Ce465ae9' => 50608,
  '0xddF8eB9ABE01C6bAF5f1308A3173A69F95FA6cE2' => 26235,
  '0xF9f2Abcc9df889794b60f0791A784F5a97d32920' => 1721,
  '0x896dB7C827E6Dc3635F659DAE77cD04b8D6cd5E3' => 21023,
  '0xefA168D4231b1eD0711260360647DB6281c1EbBb' => 1297,
  '0x9f1842a615a14BCe5723f4C5019D6f67c889B632' => 4000,
  '0x8664CedFBFD62980211ACEfcd4919C72237D801B' => 1999,
  '0x71CC66C14C1F24473e92Bd19011cCFc27dEd38eA' => 2451,
  '0x64bbBeC4730BfD30Fc7476a0b353f49B108B44f2' => 1905,
  '0x8cB1F920e437791A97443cC81b62476120D30e40' => 455,
  '0x8a90c38Bc1396d2f658a1dCbAcDBD9cab78B6c11' => 2018,
  '0x08B14BF37A80dd26EBeFFdbc6de933682CAa3Ba4' => 1332,
  '0x2E296866572552471F042af6edEED856EC38B871' => 16000,
  '0x94f69c258cD251bcB77DBb6156DA13E32dCb8Ef4' => 16000,
  '0x143E5867163967Fb0032F0F20D63C824D7C2f3de' => 17000,
  '0x6C1fEca12c7F4Ee37346789ee5F2B51966e1dC14' => 20359,
  '0xd48d664965286ddea41e97784d079de981d099B6' => 58000,
  '0xB346d2E0685eBaC08Ed05Ce998622Fb523dA3245' => 11679,
  '0xEccC484DD4093F62fC24c4725800013FBc2C1D15' => 5726,
  '0x176b554baFC860EC118E39685322ae1643A2Db1F' => 1000,
  '0xBE8C93a8C18AF63aAB449994AFAc13E71240ccC4' => 46844,
  '0xC84AF1700AFB8D501dd321E3f1B0302bfc1dD974' => 1095,
  '0x51Df72BdaA3Ce5cDead9A5f74bd0Eea75969cE19' => 20000,
  '0x405a2527b2EC97764D79Fece3fCbaB396155d179' => 1165,
  '0x53baD4E06b7b0244927BB03d43F3171C4b0349BE' => 19453,
  '0xE7228E5631bFd293288dc8EfD5fc2403E581DE2e' => 230297,
  '0x405e7329594fB2778aA8628eDf5ec9712F1F9a79' => 323,
  '0x984683042ddb484e074117DC7C7F367De1d11e98' => 7555,
  '0xe99dc1864b1bea3EFd8b87d5CEc5b7b65ff23379' => 9212,
  '0x979A52BC5d52522f440B8b20C74b1Af9Fcb547B8' => 5353,
  '0x788A8A180F27f86B2148fbD7836ee6F0794D9296' => 16000,
  '0x1c0eC596303Ce6666f5a4D24c29e78Cf881cb5d3' => 12719,
  '0x89DE01E46274B69585dBAa45dd81c42c4Bd372E1' => 8599,
  '0x9Ad3DC55B0873c65361521c20388D51A7F150A64' => 978,
  '0x17316883E44d24A2913F487A0c3d1054c5063d69' => 33468,
  '0xC33e3272D29d0cD5A7371a3114080FFdC333E892' => 17193,
  '0x72Bf07f4A11E9657f56250B560Be11A63cA16757' => 54007,
  '0x8eAa72fe26Ab8e42e41C950887F61E85e490911c' => 24301,
  '0x412FD2113B952DF35A7F91907A202Fe511325dF8' => 15983,
  '0x2f59a307319B52C0928e679aC625Cf7D3C883d36' => 10806,
  '0xc84d346F842F1132e510A3939c8b894d328dd95B' => 551,
  '0xD0B744A3CEE6C07814a889ecd4ebb3dA1D4252D1' => 1552,
  '0x98b6Ae71dc6D4553036607DC4B6d0cdE531d4e64' => 623,
  '0xEEff483b297016938400575043752A2d10d7579A' => 250000,
  '0xDd01c2B32ca701c60CA35165e6fC11eE3502c9A7' => 12761,
  '0x138732Bd8109847f5CB02541ECB17d24b1e9ff6E' => 30061,
  '0x4557144F54Bc5D129a875a532C21Db18481900EE' => 116867,
  '0x41E3966566C2774D70012c2CC778F3113Eb772f3' => 2912,
  '0xecA882093a6d319C8DaE679cD7610196a26e4777' => 1683,
  '0x56b64647B164cAb358263Ac6BE9b418f64ec0709' => 18354,
  '0x6315a15e594C6cEF196829BA84b79D0f23c420fd' => 2313,
  '0x833fe60d09882f0013FD86FAFa2aeb3854e51637' => 1205457,
  '0xc9f52c0d4b3b4A35ba507d3AB99A1df0479018f7' => 4900,
  '0x852D31705ce7221c9a5d573A66B349cBc8F3D028' => 18395,
  '0x8a9aecB126b8afaC9bDCA66d9E6Dbd505a261cA6' => 18407,
  '0x3D0BB03c7CbB0Caf3B10dD152bEA10afE2852181' => 528,
  '0xD925cBBC53f8d70a05eBA2f7Abf4EB35D95f5180' => 1000,
  '0x8DF5d18F91333F5591E9331b460d5e501C43B4b3' => 1000,
  '0x765CE21d34164B4ef7B362c3835f60a711b5F554' => 39229,
  '0x2c170831E607e0d8645C07c6f070496dDEF9f33c' => 3141,
  '0x9fce87d1F0c6eC7831b89f14041F43498730454E' => 954,
  '0x82612E25BcB90109Dd964d16416B7d500Aa462c6' => 497371,
  '0x66342CDb636aba7b1CcC2F95EFABbC7bA3B1947D' => 28469,
  '0x95A32D9E373a3622C56cfe14c9F4039B5a0eAc51' => 13004,
  '0x1097558Fc316296F5c817de215088259B2365cA9' => 32463,
  '0xe60D9c72c5eC15136B942525407d07527f2DF2B7' => 12040,
  '0x31b6F2771E2E56aa754B319b7eE8134d9bD66Cc0' => 37573,
  '0x4c2A9100097DE6c2E12D576D72C195A1D74C1ee0' => 1289,
  '0x04136d1730202628eA1eDd0b9eD1D423A09d451d' => 13858,
  '0x5e87b43f8077F53FE5fB998A97ffacd299267323' => 10000,
  '0x045D3D3bf9ef8Ae7BAe0E1ee2765349636d90057' => 20193,
  '0xDcde457fD95823F6cE08a6257815408a6A91B545' => 826,
  '0x64b3EbE1457303de98Aa5719f98c00663F71830d' => 5566,
  '0x56aDe75750B3B0f7629e77869B178e2EDD360F29' => 5590,
  '0x50b13b54C917171a03CEb8216f3990535fC18097' => 22999,
  '0xAc10E326fb497f22BE3bceefBD050e74CBc2e394' => 2480,
  '0x1B21B2D0c32618226f9745340bCAe30AE4B507f3' => 15788,
  '0x706765a537d7b4cB95146d9a05613D4ada51DC46' => 1270,
  '0x0F28FA701EdA5Db150F2C6ccfA220E75cD839Efe' => 6203,
  '0xa2165c20395F602B1bd91a6f311858386531ea93' => 16000,
  '0xea77919951B2c331FBE849b2f2Be9D6fa92A1d9d' => 606,
  '0xc28122073824A46e24091e678B33FD710BaAcb06' => 18381,
  '0x884c6835d12236f7B4d5Eba787C833f432D45f9F' => 1934,
  '0x2111d1e88945e9930D8763E20b33C5bBB463b078' => 6389,
  '0xEcb4833Bef09473065B801B53360011f0364902B' => 23449,
  '0xb44e639dcA7d7A0F0bCe135599EdAa9f1FbBbD6a' => 24346,
  '0x26D03EE5591b3999Ef2DF9E01E5FE7a81f3a9E8a' => 4191,
  '0xd40bf250ac782434155b93d91DE08236f50460a6' => 548,
  '0xE6D4f8876e2A6BE510eaAFbf4B6c16Bfb786EF20' => 20000,
  '0x9Da775343D9C9847b35A3111A8956a95E4Be6Ba6' => 3666,
  '0xF1dD04a3838a1fde85F701C07c27937dE0b77DC2' => 36202,
  '0x415FCE36e2Dc12421F20b93DbaD1dd68bd2F6db6' => 6934,
  '0x77B4D90772D317f1be4Ab3cd23e6a0cec75F2351' => 645,
  '0xC4839C439A8646A64c7CE5A7Da008A5d0062D4BC' => 5780,
  '0xc1C47C47c0cB4E6E4E6Cba1DE405fe8B06b8E564' => 513,
  '0xa477f5fd6906162f1BbB23177D2f7C49a836567F' => 1000,
  '0x7eee11505ff2B2E1C9d984760602B5eEe76D499f' => 1211,
  '0x6BcFB1F96A3d270F00dEAb39Fd50e78096576113' => 16142,
  '0x8D79069A3642D044330F065e2688639C226C2289' => 560,
  '0xa710A48C91008538A8A837e06Dd8476C5a5Dc00F' => 6155,
  '0x4Fc7ffb529C2022a808552b28f70C0aA471A5B2C' => 4454,
  '0xfF659F9c29D69A078f0D868cEb18e9c6E7d8F4Fe' => 1617,
  '0xDc8c1959C74ab2cb3819ADD153E62739d12be550' => 388,
  '0x21caa3351430944CB7f31998B0eb199bC2C3112C' => 2000,
  '0x4186C746D04cB987b795822d50ba6713851d1D2d' => 5179,
  '0x9e825De7d9f9876B35A2785f50355CCC59F22541' => 4710,
  '0x9c3a989a11Ba324DaF9793049a4969024aba1584' => 632,
  '0xDB998FB07518815828200F6C8D79eb40B2F982cB' => 18265,
  '0xA7AfC2C6e37D88D6D7464Ee0a48ec540024980DB' => 38133,
  '0x431A58D745E720De75BC9c58Ec46867d798C35F9' => 17989,
  '0xB3d3C522A44A39DAdf9CBd649cB5F3D85b63F691' => 19205,
  '0xC8DEb225Ae007864180C9b6c7F25BC2e9BD6f027' => 1050,
  '0x24f43C500B87aE243fF996318b9d96a09AfB9BBF' => 1314,
  '0x2f475785fD7eB7dba85834B962D007e6AB23a778' => 10061,
  '0x41BC5dFc769e478f234b0350663d9714dab9D9E9' => 10069,
  '0xc8a4dcCd4257645A6c04A05fa9a6aee26D7E808D' => 391,
  '0x4b554240D58a9D75326F8031B7087903034E66FC' => 62754,
  '0xc962Ba9a1a45B79C1228636db5a6eFA4a4b75D76' => 18305,
  '0xba701FE1F2c79487A24E31836c403c8D679A368E' => 15399,
  '0x914A3C3290Cfa3eceC9eDD61F67cf13acEFDAF42' => 1160,
  '0x6bd189beA9B732A0587917FB3DfC5FE93585dede' => 896,
  '0xC7FB218C3743EFcCd65Bf9b6D0907dE5A8930e35' => 15990,
  '0x161619839EBbADa5d3C279E1A79C50F7fc4274D6' => 16662,
  '0xF4e87A350Ef2E2d7917a229748beFAaA11Ac33c0' => 7985,
  '0x3531077bb434BFb32957c3b6d40BCEba0503530E' => 696,
  '0x7342e456947e56250d2851FF467fA7743CCd9fbF' => 1018,
  '0x744f617343F03bB7C9d52A6D84F87Aa4b1017fAc' => 11291,
  '0x3C6C41AaF1A852403a16D64497f874FF490423A3' => 18214,
  '0x82B393E5E20FC5cE9D22eE1406bd71370F95dE00' => 18214,
  '0xD7a422cD8C003dF957a256de9ab5dDFdb7DF29C2' => 9899,
  '0x1Bfb9FB63d45F7d50520E0A3059504013cdfE8Fd' => 76122,
  '0xa603da977F4DA790D8f3d0fF42DB79caCC6F6960' => 1285,
  '0x90Ed12c423cEE6a0CCECADB1C87482733bE3eF26' => 1127,
  '0xC44d8fa0656c29866a76689B6AA89E760687B076' => 1020,
  '0xCba9CCD786d6361d73f7105Afa7c5556A883966e' => 855,
  '0x21606eE18fc1c9B398c25f56e98E6035ab434299' => 9975,
  '0x23d9E240b8A7360D86E64a1B5255c87BC21cC864' => 4593,
  '0xB2D5fd7d47f65C2C2Bff2dA608F39E087D60928e' => 13471,
  '0x8AE0E37599fEE51fA8080d9a1d1DE6aE2c1D7F46' => 18242,
  '0xfb18D467ee4f8c14fc8b5D5C39156E04AEbebcb1' => 14000,
  '0x89dB10868FcA68b529D55620d0E88AB4bf519f95' => 6090,
  '0xcA2dead8B1EEE1B6809169a982eef01ABcE24078' => 338,
  '0xe8bB7407A2A675F2A5A40e39B09C872360F3e571' => 550,
  '0x3ed64f416e043223d7b85CEE08B7dfDe8055DAb7' => 1168,
  '0x90f3c7434ee39cf24cADdC3874Bf7c295e4ba6D5' => 23971,
  '0xCDa6530Fe243961D15400A0775670B3234979800' => 18822,
  '0x509bEA2aD9BCf38a95cB1aD7e4AAC40a4a1249C5' => 19296,
  '0xFBA05C94CB4628D5046ff384920D22d0C1374e44' => 38340,
  '0x98BDa2EdD653896E0618FDf55FEEC02684faF02F' => 2273,
  '0x43cF6d975661F0ee3b4536A79C4B5b99E4f385b9' => 26888,
  '0xEC8AFF769B4995a5dB62C26212Ca612f0914Af2f' => 84296,
  '0xe0afFfc4A79ED8b3FD341430AB73aBe9Abeb9dB0' => 16997,
  '0xb2f129f563Bc35d2b87A2E21506FFad212021a97' => 688,
  '0x710F5bECa5b187d25b8047D6b653972FA664E5B9' => 1515,
  '0x60b85b6fe5Ac8B9547B8092FD61E8F44bDcc67Fb' => 15055,
  '0x4D124376a55ea99faDBda72279316f09806f0A50' => 3900,
  '0x4260b4a3AFb99411ccD7f32A31062Ac0DE75132C' => 2811,
  '0x7Ad648c1d96D208c09712DDE7791921D3E6DE434' => 2330,
  '0xB1D8AF0C0ef6AbC24f6642263A4CF15349c69310' => 36309,
  '0xa748BA1119Fbd1D5077D7504552e53da969428cb' => 18154,
  '0xCe6754a176B23ACcbaf4197Fd739e146811fe4c3' => 18154,
  '0x2B2Ba7547FEa61596f0124176D68B959C891CB38' => 7944,
  '0xF5B413A42A2dD2BB5f568d9174D306Bf7435CE29' => 8696,
  '0x21AF2697a9912a21687d57Ae29D371B767Bdc6bF' => 11041,
  '0xC598C3E58f824079e1Fbfa25A3BD71d42807E84E' => 490,
  '0x416669A080eFaa174226b26Bd330A227d3449F1d' => 991,
  '0x111C36a714282706208ebBe6E353C1a27e86F047' => 17540,
  '0x1a01339B51Bd7302CdD32064f17415F09f348003' => 9748,
  '0xC175Bb158152fca3702974ba4Cc63422ED71e040' => 14504,
  '0x6Ab26A36E97a4D25E7256162c4E5A633b0E65e34' => 599990,
  '0xEB87ac7918879ABB2857503D3168101d785792AA' => 500,
  '0xEc83e4768e314CdD88f910E397AFfCdE78a52F92' => 3142,
  '0x6422E2C298a4Ea629Aec041E491C7f55fA39dA41' => 49536,
  '0x2C5ee3FdeDbB7B329f7f540F2dc9eDeC6f6600F7' => 145896,
  '0xB6BF464940220C4202CD22674D3D1DA225C9923F' => 420,
  '0xC897925222BE6c25a1569E18D2ff0558ae616db0' => 556,
  '0x5406a48f5de499c08BfB8939A3B9e66c1957d72B' => 20884,
  '0x06a6Aa05760613Ae19c73E66c545aB9d9Bb3f447' => 11064,
  '0x371544578E550be7B5Efa4cc186B5457bFC507FB' => 2829,
  '0x38f913A8b8fdd42A1ffdd6E9f04cd41da661c054' => 5000,
  '0x046cCC1e85158C4c77A228242C86ECAfa20fA6Ab' => 318,
  '0x00A0E299241C264209B52ECE9649Ed577F077853' => 10153,
  '0xb34e7e91D2E6E9D130AC3B51812F189Cb4b12ae2' => 40210,
  '0xd9efE49C066968Ac203487a3215f0c064D520050' => 973,
  '0x04EDa6633A95C74cF93C0c66417669e4AA43028D' => 5646,
  '0xffaa1206B12710EDF3E619b64AA8a652d6b0667d' => 1238,
  '0x6Efd92a21517Badd12089CDcD5C04c71dC2C67e2' => 13696,
  '0xc6Cda6a69DDc8200Da1140546dF8E830F5e7827E' => 2196,
  '0x12D7145dcE155f2b586CE1B2DfFd267c69b86385' => 731,
  '0xa2AB20E4aA2Cfc44231161C005cBF6fD68BF56a9' => 2200,
  '0x98a7102f7D63942228989ecEE116ee5FAbdA0B9D' => 13394,
  '0x55A7624ef7685fC83DA9C299B31025D1EDC3d04c' => 16150,
  '0xaec80B4fbE227198720b1d1B82a12968bAA0B144' => 15800,
  '0x4C1B730B520ccC662752fFA8b9fCE34f78f95255' => 528,
  '0xc17df4Eb24F0AeEB683D694cB6A56a7bBf3e1107' => 4418,
  '0x5D327A51DA5bA2C3eA2a0F4A6a97E511e5254eA8' => 2161,
  '0xB223A6A0b9A4877429F984243c904325AAEd59D7' => 3027,
  '0x63fE428E1254665b799825Ad82b66F54130f700A' => 1100,
  '0xafD1798233fbCD623EeA576A80d555Fe9c501b45' => 1591,
  '0xcA47A15B66b6c785c3AdDD6aa3e73c4fdec31B67' => 1638,
  '0x67882422DC2eD49Ca1057727AFB8601568544aB5' => 999,
  '0x711888263273D7e6D2179DDB5B3fea4B41921911' => 6250,
  '0x6049c0e5C4ef4463dba8B80B6515195F7462C65E' => 624,
  '0x2D95dBb39487827c5493D5da38015bAE1B968Fe2' => 2175,
  '0xF0CBf1B2D0888E744005f5d603a03a5c4aDc31C3' => 9910,
  '0x248f876A77Bfd98876F6301BCa33F676d05b0a30' => 3571425,
  '0x0Ad979278f3b5b6576620F48161355c4D5E0766A' => 2857140,
  '0x6083acA8248Cf7F399033DF396809bf72d0B581c' => 6428565,
  '0xf769B3FfCe1F5AE095Cfd5959E04f40bE4a6Ad0D' => 392,
  '0xe7e95538F565F1843eb0a4c29672C5435FafC24C' => 10100,
  '0x2eE8F16F2b0926e32328909F5483bE799D4d7436' => 58237,
  '0xdce673f13d5AA11c7089C99b7342580108Af2D25' => 3065,
  '0xba540Bb14101cBd4170DF90408C0B9EC6c86273c' => 16331,
  '0xbc21CFD3A06443E202388632AAF9d9AC185c7e2E' => 14043,
  '0xF16D8D189b9066fFe94ba9dF555c8DCc852B2dCB' => 6014,
  '0xeCfFF2cAC784fA6792d4e495bF77E1328e7c041B' => 490,
  '0xB8Da3175eC2487Db9A5DA511926f5a96023b1362' => 34218,
  '0x3269250D335183f7238cDE8f10B114bC4c0c9fae' => 2975,
  '0x4b73a891074AE37C47E1a6006D33611C2F0b3C5E' => 9000,
  '0x077Ed64B12db52342656c2927CB85ef75ae4ab00' => 2956,
  '0xc4281577011bca3E2464bc43B2E36a64FCB542a1' => 5536,
  '0xDCa30c99B25188e3449B4e28B5D96f689ca64005' => 6094,
  '0x768F2A7CcdFDe9eBDFd5Cea8B635dd590Cb3A3F1' => 155405,
  '0x668B6724F80591FC5482Aa628017Ee6338898E52' => 5159,
  '0x7804C5F4FD50F7c12845E2951E24858B8c270e35' => 1043,
  '0xa44e05EdcDd376476f9aB94D8247188f7038C54b' => 8540
}